[0.006s] Invoking command in '/home/sk/robotiq_ws/build/robotiq_2f_85_gripper_visualization': CMAKE_PREFIX_PATH=${CMAKE_PREFIX_PATH}:/opt/ros/humble /usr/bin/cmake /home/sk/robotiq_ws/src/robotiq_2f_85_gripper_visualization -DCMAKE_INSTALL_PREFIX=/home/sk/robotiq_ws/install/robotiq_2f_85_gripper_visualization
[0.054s] -- The C compiler identification is GNU 11.4.0
[0.100s] -- The CXX compiler identification is GNU 11.4.0
[0.105s] -- Detecting C compiler ABI info
[0.167s] -- Detecting C compiler ABI info - done
[0.176s] -- Check for working C compiler: /usr/bin/cc - skipped
[0.176s] -- Detecting C compile features
[0.177s] -- Detecting C compile features - done
[0.180s] -- Detecting CXX compiler ABI info
[0.261s] -- Detecting CXX compiler ABI info - done
[0.269s] -- Check for working CXX compiler: /usr/bin/c++ - skipped
[0.270s] -- Detecting CXX compile features
[0.270s] -- Detecting CXX compile features - done
[0.275s] -- Found ament_cmake: 1.3.9 (/opt/ros/humble/share/ament_cmake/cmake)
[0.384s] -- Found Python3: /usr/bin/python3 (found version "3.10.12") found components: Interpreter 
[0.442s] -- Found ament_lint_auto: 0.12.11 (/opt/ros/humble/share/ament_lint_auto/cmake)
[0.500s] -- Added test 'lint_cmake' to check CMake code style
[0.501s] -- Added test 'xmllint' to check XML markup files
[0.502s] -- Configuring done
[0.503s] -- Generating done
[0.504s] -- Build files have been written to: /home/sk/robotiq_ws/build/robotiq_2f_85_gripper_visualization
[0.507s] Invoked command in '/home/sk/robotiq_ws/build/robotiq_2f_85_gripper_visualization' returned '0': CMAKE_PREFIX_PATH=${CMAKE_PREFIX_PATH}:/opt/ros/humble /usr/bin/cmake /home/sk/robotiq_ws/src/robotiq_2f_85_gripper_visualization -DCMAKE_INSTALL_PREFIX=/home/sk/robotiq_ws/install/robotiq_2f_85_gripper_visualization
[0.508s] Invoking command in '/home/sk/robotiq_ws/build/robotiq_2f_85_gripper_visualization': CMAKE_PREFIX_PATH=${CMAKE_PREFIX_PATH}:/opt/ros/humble /usr/bin/cmake --build /home/sk/robotiq_ws/build/robotiq_2f_85_gripper_visualization -- -j20 -l20
[0.547s] Invoked command in '/home/sk/robotiq_ws/build/robotiq_2f_85_gripper_visualization' returned '0': CMAKE_PREFIX_PATH=${CMAKE_PREFIX_PATH}:/opt/ros/humble /usr/bin/cmake --build /home/sk/robotiq_ws/build/robotiq_2f_85_gripper_visualization -- -j20 -l20
[0.581s] Invoking command in '/home/sk/robotiq_ws/build/robotiq_2f_85_gripper_visualization': CMAKE_PREFIX_PATH=${CMAKE_PREFIX_PATH}:/opt/ros/humble /usr/bin/cmake --install /home/sk/robotiq_ws/build/robotiq_2f_85_gripper_visualization
[0.590s] -- Install configuration: ""
[0.590s] -- Installing: /home/sk/robotiq_ws/install/robotiq_2f_85_gripper_visualization/share/ament_index/resource_index/package_run_dependencies/robotiq_2f_85_gripper_visualization
[0.590s] -- Installing: /home/sk/robotiq_ws/install/robotiq_2f_85_gripper_visualization/share/ament_index/resource_index/parent_prefix_path/robotiq_2f_85_gripper_visualization
[0.590s] -- Installing: /home/sk/robotiq_ws/install/robotiq_2f_85_gripper_visualization/share/robotiq_2f_85_gripper_visualization/environment/ament_prefix_path.sh
[0.590s] -- Installing: /home/sk/robotiq_ws/install/robotiq_2f_85_gripper_visualization/share/robotiq_2f_85_gripper_visualization/environment/ament_prefix_path.dsv
[0.591s] -- Installing: /home/sk/robotiq_ws/install/robotiq_2f_85_gripper_visualization/share/robotiq_2f_85_gripper_visualization/environment/path.sh
[0.591s] -- Installing: /home/sk/robotiq_ws/install/robotiq_2f_85_gripper_visualization/share/robotiq_2f_85_gripper_visualization/environment/path.dsv
[0.591s] -- Installing: /home/sk/robotiq_ws/install/robotiq_2f_85_gripper_visualization/share/robotiq_2f_85_gripper_visualization/local_setup.bash
[0.591s] -- Installing: /home/sk/robotiq_ws/install/robotiq_2f_85_gripper_visualization/share/robotiq_2f_85_gripper_visualization/local_setup.sh
[0.591s] -- Installing: /home/sk/robotiq_ws/install/robotiq_2f_85_gripper_visualization/share/robotiq_2f_85_gripper_visualization/local_setup.zsh
[0.591s] -- Installing: /home/sk/robotiq_ws/install/robotiq_2f_85_gripper_visualization/share/robotiq_2f_85_gripper_visualization/local_setup.dsv
[0.591s] -- Installing: /home/sk/robotiq_ws/install/robotiq_2f_85_gripper_visualization/share/robotiq_2f_85_gripper_visualization/package.dsv
[0.591s] -- Installing: /home/sk/robotiq_ws/install/robotiq_2f_85_gripper_visualization/share/ament_index/resource_index/packages/robotiq_2f_85_gripper_visualization
[0.591s] -- Installing: /home/sk/robotiq_ws/install/robotiq_2f_85_gripper_visualization/share/robotiq_2f_85_gripper_visualization/cmake/robotiq_2f_85_gripper_visualizationConfig.cmake
[0.592s] -- Installing: /home/sk/robotiq_ws/install/robotiq_2f_85_gripper_visualization/share/robotiq_2f_85_gripper_visualization/cmake/robotiq_2f_85_gripper_visualizationConfig-version.cmake
[0.592s] -- Installing: /home/sk/robotiq_ws/install/robotiq_2f_85_gripper_visualization/share/robotiq_2f_85_gripper_visualization/package.xml
[0.593s] Invoked command in '/home/sk/robotiq_ws/build/robotiq_2f_85_gripper_visualization' returned '0': CMAKE_PREFIX_PATH=${CMAKE_PREFIX_PATH}:/opt/ros/humble /usr/bin/cmake --install /home/sk/robotiq_ws/build/robotiq_2f_85_gripper_visualization
